<?xml version="1.0" encoding="UTF-8"?>
<!-- Generated by org.testng.reporters.JUnitReportReporter -->
<testsuite hostname="Rajesh" failures="0" tests="5" name="testCases.TC003_LoginDDT" time="39.421" errors="0" timestamp="2024-10-08T12:29:39 EDT" skipped="0">
  <testcase classname="testCases.TC003_LoginDDT" name="verify_loginDDT" time="2.588"/>
  <testcase classname="testCases.TC003_LoginDDT" name="verify_loginDDT" time="11.664"/>
  <testcase classname="testCases.TC003_LoginDDT" name="verify_loginDDT" time="11.215"/>
  <testcase classname="testCases.TC003_LoginDDT" name="verify_loginDDT" time="11.622"/>
  <testcase classname="testCases.TC003_LoginDDT" name="verify_loginDDT" time="2.332"/>
</testsuite> <!-- testCases.TC003_LoginDDT -->
